\BOOKMARK [0][-]{chapter.1}{\376\377\000F\000i\000s\000s\000a\000z\000i\000o\000n\000e\000\040\000t\000e\000s\000s\000u\000t\000o\000\040\000i\000s\000t\000o\000l\000o\000g\000i\000c\000o}{}% 1
\BOOKMARK [1][-]{section.1.1}{\376\377\000I\000n\000t\000r\000o\000d\000u\000z\000i\000o\000n\000e}{chapter.1}% 2
\BOOKMARK [2][-]{subsection.1.1.1}{\376\377\000I\000m\000p\000o\000r\000t\000a\000n\000z\000a\000\040\000d\000e\000l\000l\000a\000\040\000F\000i\000s\000s\000a\000z\000i\000o\000n\000e\000\040\000d\000e\000i\000\040\000T\000e\000s\000s\000u\000t\000i}{section.1.1}% 3
\BOOKMARK [2][-]{subsection.1.1.2}{\376\377\000V\000a\000n\000t\000a\000g\000g\000i\000\040\000e\000\040\000S\000v\000a\000n\000t\000a\000g\000g\000i\000\040\000d\000e\000i\000\040\000F\000i\000s\000s\000a\000t\000i\000v\000i}{section.1.1}% 4
\BOOKMARK [2][-]{subsection.1.1.3}{\376\377\000P\000e\000r\000d\000i\000t\000a\000\040\000d\000i\000\040\000C\000o\000m\000p\000o\000n\000e\000n\000t\000i\000\040\000M\000o\000l\000e\000c\000o\000l\000a\000r\000i\000\040\000d\000u\000r\000a\000n\000t\000e\000\040\000l\000a\000\040\000F\000i\000s\000s\000a\000z\000i\000o\000n\000e}{section.1.1}% 5
\BOOKMARK [2][-]{subsection.1.1.4}{\376\377\000A\000r\000t\000e\000f\000a\000t\000t\000i\000\040\000n\000e\000i\000\040\000T\000e\000s\000s\000u\000t\000i\000\040\000F\000i\000s\000s\000a\000t\000i}{section.1.1}% 6
\BOOKMARK [2][-]{subsection.1.1.5}{\376\377\000C\000o\000n\000s\000e\000r\000v\000a\000z\000i\000o\000n\000e\000\040\000d\000e\000l\000l\000a\000\040\000S\000t\000r\000u\000t\000t\000u\000r\000a\000\040\000M\000o\000l\000e\000c\000o\000l\000a\000r\000e}{section.1.1}% 7
\BOOKMARK [2][-]{subsection.1.1.6}{\376\377\000\040\000I\000n\000t\000e\000r\000a\000z\000i\000o\000n\000e\000\040\000d\000e\000l\000l\000a\000\040\000F\000i\000s\000s\000a\000z\000i\000o\000n\000e\000\040\000c\000o\000n\000\040\000A\000l\000t\000r\000i\000\040\000P\000r\000o\000c\000e\000s\000s\000i}{section.1.1}% 8
\BOOKMARK [2][-]{subsection.1.1.7}{\376\377\000F\000i\000s\000s\000a\000t\000i\000v\000o\000\040\000I\000d\000e\000a\000l\000e\000\040\000i\000n\000\040\000P\000a\000t\000o\000l\000o\000g\000i\000a\000\040\000D\000i\000a\000g\000n\000o\000s\000t\000i\000c\000a}{section.1.1}% 9
\BOOKMARK [2][-]{subsection.1.1.8}{\376\377\000C\000a\000r\000a\000t\000t\000e\000r\000i\000s\000t\000i\000c\000h\000e\000\040\000d\000i\000\040\000u\000n\000\040\000B\000u\000o\000n\000\040\000F\000i\000s\000s\000a\000t\000i\000v\000o}{section.1.1}% 10
\BOOKMARK [1][-]{section.1.2}{\376\377\000M\000e\000t\000o\000d\000i\000\040\000F\000i\000s\000i\000c\000i\000\040\000d\000i\000\040\000F\000i\000s\000s\000a\000z\000i\000o\000n\000e}{chapter.1}% 11
\BOOKMARK [2][-]{subsection.1.2.1}{\376\377\000F\000i\000s\000s\000a\000z\000i\000o\000n\000e\000\040\000p\000e\000r\000\040\000C\000a\000l\000o\000r\000e}{section.1.2}% 12
\BOOKMARK [2][-]{subsection.1.2.2}{\376\377\000F\000i\000s\000s\000a\000z\000i\000o\000n\000e\000\040\000c\000o\000n\000\040\000M\000i\000c\000r\000o\000o\000n\000d\000e}{section.1.2}% 13
\BOOKMARK [2][-]{subsection.1.2.3}{\376\377\000L\000i\000o\000f\000i\000l\000i\000z\000z\000a\000z\000i\000o\000n\000e\000\040\000e\000\040\000S\000o\000s\000t\000i\000t\000u\000z\000i\000o\000n\000e\000\040\000a\000\040\000F\000r\000e\000d\000d\000o}{section.1.2}% 14
\BOOKMARK [1][-]{section.1.3}{\376\377\000F\000i\000s\000s\000a\000z\000i\000o\000n\000e\000\040\000C\000h\000i\000m\000i\000c\000a}{chapter.1}% 15
\BOOKMARK [2][-]{subsection.1.3.1}{\376\377\000F\000i\000s\000s\000a\000t\000i\000v\000i\000\040\000C\000o\000a\000g\000u\000l\000a\000n\000t\000i}{section.1.3}% 16
\BOOKMARK [2][-]{subsection.1.3.2}{\376\377\000F\000i\000s\000s\000a\000t\000i\000v\000i\000\040\000C\000o\000a\000g\000u\000l\000a\000n\000t\000i\000\040\000D\000e\000i\000d\000r\000a\000n\000t\000i}{section.1.3}% 17
\BOOKMARK [2][-]{subsection.1.3.3}{\376\377\000A\000l\000t\000r\000i\000\040\000T\000i\000p\000i\000\040\000d\000i\000\040\000F\000i\000s\000s\000a\000t\000i\000v\000i\000\040\000C\000o\000a\000g\000u\000l\000a\000n\000t\000i}{section.1.3}% 18
\BOOKMARK [2][-]{subsection.1.3.4}{\376\377\000F\000i\000s\000s\000a\000t\000i\000v\000i\000\040\000a\000\040\000L\000e\000g\000a\000m\000e\000\040\000I\000n\000c\000r\000o\000c\000i\000a\000t\000o\000\040\000N\000o\000n\000\040\000C\000o\000a\000g\000u\000l\000a\000n\000t\000i}{section.1.3}% 19
\BOOKMARK [1][-]{section.1.4}{\376\377\000F\000i\000s\000s\000a\000z\000i\000o\000n\000e\000\040\000c\000o\000n\000\040\000F\000o\000r\000m\000a\000l\000d\000e\000i\000d\000e}{chapter.1}% 20
\BOOKMARK [2][-]{subsection.1.4.1}{\376\377\000R\000e\000a\000z\000i\000o\000n\000i\000\040\000d\000e\000l\000l\000a\000\040\000F\000o\000r\000m\000a\000l\000d\000e\000i\000d\000e\000\040\000c\000o\000n\000\040\000P\000r\000o\000t\000e\000i\000n\000e\000\040\000N\000u\000c\000l\000e\000a\000r\000i\000\040\000e\000\040\000A\000c\000i\000d\000i\000\040\000N\000u\000c\000l\000e\000i\000c\000i}{section.1.4}% 21
\BOOKMARK [2][-]{subsection.1.4.2}{\376\377\000C\000a\000t\000e\000n\000e\000\040\000L\000a\000t\000e\000r\000a\000l\000i\000\040\000P\000i\000\371\000\040\000R\000e\000a\000t\000t\000i\000v\000e\000\040\000c\000o\000n\000\040\000l\000a\000\040\000F\000o\000r\000m\000a\000l\000d\000e\000i\000d\000e}{section.1.4}% 22
\BOOKMARK [2][-]{subsection.1.4.3}{\376\377\000R\000e\000v\000e\000r\000s\000i\000b\000i\000l\000i\000t\000\340\000\040\000d\000e\000l\000l\000e\000\040\000r\000e\000a\000z\000i\000o\000n\000i\000\040\000m\000a\000c\000r\000o\000m\000o\000l\000e\000c\000o\000l\000a\000r\000i\000\040\000d\000e\000l\000l\000a\000\040\000f\000o\000r\000m\000a\000l\000d\000e\000i\000d\000e}{section.1.4}% 23
\BOOKMARK [2][-]{subsection.1.4.4}{\376\377\000E\000f\000f\000e\000t\000t\000o\000\040\000d\000e\000l\000\040\000l\000a\000v\000a\000g\000g\000i\000o\000\040\000p\000r\000o\000l\000u\000n\000g\000a\000t\000o}{section.1.4}% 24
\BOOKMARK [2][-]{subsection.1.4.5}{\376\377\000C\000o\000n\000s\000e\000r\000v\000a\000z\000i\000o\000n\000e\000\040\000a\000\040\000l\000u\000n\000g\000o\000\040\000t\000e\000r\000m\000i\000n\000e\000\040\000i\000n\000\040\000f\000o\000r\000m\000a\000l\000i\000n\000a}{section.1.4}% 25
\BOOKMARK [2][-]{subsection.1.4.6}{\376\377\000I\000m\000p\000o\000r\000t\000a\000n\000z\000a\000\040\000d\000e\000i\000\040\000p\000o\000n\000t\000i\000\040\000m\000e\000t\000i\000l\000e\000n\000i\000c\000i}{section.1.4}% 26
\BOOKMARK [2][-]{subsection.1.4.7}{\376\377\000C\000o\000r\000r\000e\000z\000i\000o\000n\000e\000\040\000d\000e\000l\000l\000'\000i\000p\000e\000r\000f\000i\000s\000s\000a\000z\000i\000o\000n\000e}{section.1.4}% 27
\BOOKMARK [2][-]{subsection.1.4.8}{\376\377\000T\000i\000p\000i\000\040\000d\000i\000\040\000l\000e\000g\000a\000m\000i\000\040\000c\000r\000o\000c\000i\000a\000t\000i\000\040\000e\000\040\000l\000o\000r\000o\000\040\000s\000t\000a\000b\000i\000l\000i\000t\000\340}{section.1.4}% 28
\BOOKMARK [2][-]{subsection.1.4.9}{\376\377\000S\000a\000t\000u\000r\000a\000z\000i\000o\000n\000e\000\040\000d\000e\000i\000\040\000t\000e\000s\000s\000u\000t\000i\000\040\000c\000o\000n\000\040\000f\000o\000r\000m\000a\000l\000i\000n\000a}{section.1.4}% 29
\BOOKMARK [2][-]{subsection.1.4.10}{\376\377\000E\000f\000f\000e\000t\000t\000o\000\040\000d\000e\000l\000l\000'\000a\000c\000i\000d\000i\000t\000\340\000\040\000n\000e\000l\000l\000a\000\040\000f\000o\000r\000m\000a\000l\000i\000n\000a}{section.1.4}% 30
\BOOKMARK [2][-]{subsection.1.4.11}{\376\377\000U\000s\000o\000\040\000d\000e\000l\000l\000a\000\040\000f\000o\000r\000m\000a\000l\000i\000n\000a\000\040\000a\000c\000i\000d\000a\000\040\000i\000n\000\040\000i\000m\000m\000u\000n\000o\000i\000s\000t\000o\000c\000h\000i\000m\000i\000c\000a}{section.1.4}% 31
\BOOKMARK [2][-]{subsection.1.4.12}{\376\377\000E\000f\000f\000e\000t\000t\000o\000\040\000d\000e\000l\000l\000a\000\040\000f\000o\000r\000m\000a\000l\000d\000e\000i\000d\000e\000\040\000s\000u\000\040\000p\000r\000o\000t\000e\000i\000n\000e\000,\000\040\000n\000u\000c\000l\000e\000o\000t\000i\000d\000i\000\040\000e\000\040\000l\000i\000p\000i\000d\000i}{section.1.4}% 32
\BOOKMARK [1][-]{section.1.5}{\376\377\000F\000a\000t\000t\000o\000r\000i\000\040\000c\000h\000e\000\040\000I\000n\000f\000l\000u\000e\000n\000z\000a\000n\000o\000\040\000l\000a\000\040\000Q\000u\000a\000l\000i\000t\000\340\000\040\000d\000e\000l\000l\000a\000\040\000F\000i\000s\000s\000a\000z\000i\000o\000n\000e}{chapter.1}% 33
\BOOKMARK [2][-]{subsection.1.5.1}{\376\377\000B\000u\000f\000f\000e\000r\000\040\000e\000\040\000p\000H}{section.1.5}% 34
\BOOKMARK [2][-]{subsection.1.5.2}{\376\377\000D\000u\000r\000a\000t\000a\000\040\000d\000e\000l\000l\000a\000\040\000F\000i\000s\000s\000a\000z\000i\000o\000n\000e\000\040\000e\000\040\000D\000i\000m\000e\000n\000s\000i\000o\000n\000e\000\040\000d\000e\000i\000\040\000C\000a\000m\000p\000i\000o\000n\000i}{section.1.5}% 35
\BOOKMARK [2][-]{subsection.1.5.3}{\376\377\000T\000e\000m\000p\000e\000r\000a\000t\000u\000r\000a\000\040\000d\000e\000l\000l\000a\000\040\000F\000i\000s\000s\000a\000z\000i\000o\000n\000e}{section.1.5}% 36
\BOOKMARK [1][-]{section.1.6}{\376\377\000R\000i\000a\000s\000s\000u\000n\000t\000o}{chapter.1}% 37
\BOOKMARK [0][-]{chapter.2}{\376\377\000I\000n\000t\000r\000o\000d\000u\000z\000i\000o\000n\000e\000\040\000a\000l\000\040\000c\000a\000m\000p\000i\000o\000n\000a\000m\000e\000n\000t\000o}{}% 38
\BOOKMARK [1][-]{section.2.1}{\376\377\000I\000n\000t\000r\000o\000d\000u\000z\000i\000o\000n\000e}{chapter.2}% 39
\BOOKMARK [2][-]{subsection.2.1.1}{\376\377\000L\000'\000i\000m\000p\000o\000r\000t\000a\000n\000z\000a\000\040\000d\000e\000l\000l\000'\000e\000s\000a\000m\000e\000\040\000m\000a\000c\000r\000o\000s\000c\000o\000p\000i\000c\000o}{section.2.1}% 40
\BOOKMARK [2][-]{subsection.2.1.2}{\376\377\000L\000a\000\040\000d\000i\000s\000s\000e\000z\000i\000o\000n\000e\000\040\000c\000o\000m\000e\000\040\000f\000a\000s\000e\000\040\000c\000r\000u\000c\000i\000a\000l\000e}{section.2.1}% 41
\BOOKMARK [2][-]{subsection.2.1.3}{\376\377\000L\000'\000e\000s\000p\000e\000r\000i\000e\000n\000z\000a\000\040\000\350\000\040\000f\000o\000n\000d\000a\000m\000e\000n\000t\000a\000l\000e\000\040\000p\000e\000r\000\040\000c\000a\000m\000p\000i\000o\000n\000i\000\040\000c\000o\000m\000p\000l\000e\000s\000s\000i}{section.2.1}% 42
\BOOKMARK [1][-]{section.2.2}{\376\377\000D\000a\000l\000l\000'\000a\000c\000c\000e\000t\000t\000a\000z\000i\000o\000n\000e\000\040\000a\000l\000l\000a\000\040\000p\000r\000o\000c\000e\000s\000s\000a\000z\000i\000o\000n\000e}{chapter.2}% 43
\BOOKMARK [2][-]{subsection.2.2.1}{\376\377\000P\000o\000s\000i\000z\000i\000o\000n\000e\000\040\000i\000d\000e\000a\000l\000e\000\040\000d\000e\000l\000\040\000l\000a\000b\000o\000r\000a\000t\000o\000r\000i\000o}{section.2.2}% 44
\BOOKMARK [2][-]{subsection.2.2.2}{\376\377\000T\000r\000a\000t\000t\000a\000m\000e\000n\000t\000o\000\040\000d\000e\000l\000l\000e\000\040\000b\000i\000o\000p\000s\000i\000e}{section.2.2}% 45
\BOOKMARK [2][-]{subsection.2.2.3}{\376\377\000L\000a\000\040\000p\000r\000e\000p\000a\000r\000a\000z\000i\000o\000n\000e\000\040\000e\000\040\000l\000a\000\040\000d\000i\000s\000s\000e\000z\000i\000o\000n\000e\000\040\000d\000e\000i\000\040\000c\000a\000m\000p\000i\000o\000n\000i}{section.2.2}% 46
\BOOKMARK [2][-]{subsection.2.2.4}{\376\377\000L\000a\000\040\000s\000t\000a\000n\000z\000a\000\040\000d\000e\000l\000l\000'\000a\000c\000c\000e\000t\000t\000a\000z\000i\000o\000n\000e}{section.2.2}% 47
\BOOKMARK [2][-]{subsection.2.2.5}{\376\377\000L\000'\000a\000c\000c\000e\000t\000t\000a\000z\000i\000o\000n\000e\000\040\000d\000e\000l\000\040\000c\000a\000m\000p\000i\000o\000n\000e}{section.2.2}% 48
\BOOKMARK [2][-]{subsection.2.2.6}{\376\377\000R\000e\000g\000o\000l\000e\000\040\000p\000e\000r\000\040\000l\000a\000\040\000v\000e\000r\000i\000f\000i\000c\000a\000\040\000d\000e\000l\000\040\000c\000a\000m\000p\000i\000o\000n\000e}{section.2.2}% 49
\BOOKMARK [2][-]{subsection.2.2.7}{\376\377\000I\000l\000\040\000n\000u\000m\000e\000r\000o\000\040\000i\000s\000t\000o\000l\000o\000g\000i\000c\000o}{section.2.2}% 50
\BOOKMARK [2][-]{subsection.2.2.8}{\376\377\000V\000a\000l\000u\000t\000a\000z\000i\000o\000n\000e\000\040\000i\000n\000i\000z\000i\000a\000l\000e\000\040\000d\000e\000i\000\040\000c\000a\000m\000p\000i\000o\000n\000i}{section.2.2}% 51
\BOOKMARK [2][-]{subsection.2.2.9}{\376\377\000P\000r\000o\000c\000e\000d\000u\000r\000e\000\040\000s\000p\000e\000c\000i\000a\000l\000i}{section.2.2}% 52
\BOOKMARK [2][-]{subsection.2.2.10}{\376\377\000R\000u\000o\000l\000o\000\040\000d\000e\000i\000\040\000P\000a\000t\000h\000o\000l\000o\000g\000i\000s\000t\000s\000'\000\040\000A\000s\000s\000i\000s\000t\000a\000n\000t\000s}{section.2.2}% 53
\BOOKMARK [2][-]{subsection.2.2.11}{\376\377\000L\000a\000\040\000d\000i\000s\000s\000e\000z\000i\000o\000n\000e\000\040\000e\000\040\000i\000l\000\040\000t\000a\000g\000l\000i\000o\000\040\000d\000e\000l\000\040\000c\000a\000m\000p\000i\000o\000n\000e}{section.2.2}% 54
\BOOKMARK [1][-]{section.2.3}{\376\377\000C\000a\000r\000a\000t\000t\000e\000r\000i\000s\000t\000i\000c\000h\000e\000\040\000G\000e\000n\000e\000r\000a\000l\000i\000\040\000d\000e\000l\000l\000a\000\040\000S\000a\000l\000a\000\040\000M\000a\000c\000r\000o\000s\000c\000o\000p\000i\000c\000a}{chapter.2}% 55
\BOOKMARK [2][-]{subsection.2.3.1}{\376\377\000D\000i\000m\000e\000n\000s\000i\000o\000n\000i\000\040\000e\000\040\000I\000l\000l\000u\000m\000i\000n\000a\000z\000i\000o\000n\000e}{section.2.3}% 56
\BOOKMARK [2][-]{subsection.2.3.2}{\376\377\000S\000t\000a\000z\000i\000o\000n\000i\000\040\000d\000i\000\040\000L\000a\000v\000o\000r\000o}{section.2.3}% 57
\BOOKMARK [2][-]{subsection.2.3.3}{\376\377\000P\000o\000s\000t\000u\000r\000a\000\040\000d\000u\000r\000a\000n\000t\000e\000\040\000l\000a\000\040\000d\000i\000s\000s\000e\000z\000i\000o\000n\000e}{section.2.3}% 58
\BOOKMARK [2][-]{subsection.2.3.4}{\376\377\000S\000t\000r\000u\000m\000e\000n\000t\000i\000\040\000d\000i\000\040\000d\000i\000s\000s\000e\000z\000i\000o\000n\000e}{section.2.3}% 59
\BOOKMARK [2][-]{subsection.2.3.5}{\376\377\000C\000o\000n\000s\000e\000r\000v\000a\000z\000i\000o\000n\000e\000\040\000e\000\040\000g\000e\000s\000t\000i\000o\000n\000e\000\040\000d\000e\000i\000\040\000c\000a\000m\000p\000i\000o\000n\000i}{section.2.3}% 60
\BOOKMARK [1][-]{section.2.4}{\376\377\000P\000r\000i\000n\000c\000i\000p\000i\000\040\000G\000e\000n\000e\000r\000a\000l\000i\000\040\000p\000e\000r\000\040\000l\000'\000E\000s\000a\000m\000e\000\040\000M\000a\000c\000r\000o\000s\000c\000o\000p\000i\000c\000o}{chapter.2}% 61
\BOOKMARK [2][-]{subsection.2.4.1}{\376\377\000I\000d\000e\000n\000t\000i\000f\000i\000c\000a\000z\000i\000o\000n\000e\000\040\000e\000\040\000O\000r\000i\000e\000n\000t\000a\000m\000e\000n\000t\000o\000\040\000d\000e\000l\000\040\000C\000a\000m\000p\000i\000o\000n\000e}{section.2.4}% 62
\BOOKMARK [2][-]{subsection.2.4.2}{\376\377\000D\000i\000f\000f\000i\000c\000o\000l\000t\000\340\000\040\000n\000e\000l\000l\000'\000O\000r\000i\000e\000n\000t\000a\000m\000e\000n\000t\000o\000\040\000d\000e\000l\000\040\000C\000a\000m\000p\000i\000o\000n\000e}{section.2.4}% 63
\BOOKMARK [2][-]{subsection.2.4.3}{\376\377\000M\000a\000n\000i\000p\000o\000l\000a\000z\000i\000o\000n\000e\000\040\000d\000e\000l\000\040\000C\000a\000m\000p\000i\000o\000n\000e}{section.2.4}% 64
\BOOKMARK [2][-]{subsection.2.4.4}{\376\377\000I\000m\000p\000o\000r\000t\000a\000n\000z\000a\000\040\000d\000e\000l\000l\000a\000\040\000C\000o\000n\000o\000s\000c\000e\000n\000z\000a\000\040\000A\000n\000a\000t\000o\000m\000i\000c\000a\000\040\000d\000e\000l\000\040\000P\000a\000t\000o\000l\000o\000g\000o}{section.2.4}% 65
\BOOKMARK [2][-]{subsection.2.4.5}{\376\377\000M\000a\000r\000g\000i\000n\000i\000\040\000C\000h\000i\000r\000u\000r\000g\000i\000c\000i\000\040\000e\000\040\000D\000i\000a\000g\000n\000o\000s\000i\000\040\000I\000s\000t\000o\000l\000o\000g\000i\000c\000a}{section.2.4}% 66
\BOOKMARK [2][-]{subsection.2.4.6}{\376\377\000D\000i\000s\000s\000e\000z\000i\000o\000n\000e\000\040\000d\000e\000l\000\040\000C\000a\000m\000p\000i\000o\000n\000e\000\040\000C\000h\000i\000r\000u\000r\000g\000i\000c\000o}{section.2.4}% 67
\BOOKMARK [2][-]{subsection.2.4.7}{\376\377\000G\000e\000s\000t\000i\000o\000n\000e\000\040\000d\000i\000\040\000C\000a\000m\000p\000i\000o\000n\000i\000\040\000c\000o\000n\000\040\000T\000e\000s\000s\000u\000t\000i\000\040\000M\000o\000l\000l\000i\000\040\000e\000\040\000O\000s\000s\000a}{section.2.4}% 68
\BOOKMARK [2][-]{subsection.2.4.8}{\376\377\000C\000o\000n\000s\000e\000r\000v\000a\000z\000i\000o\000n\000e\000\040\000d\000e\000l\000l\000e\000\040\000S\000e\000z\000i\000o\000n\000i\000\040\000e\000\040\000C\000a\000m\000p\000i\000o\000n\000i}{section.2.4}% 69
\BOOKMARK [2][-]{subsection.2.4.9}{\376\377\000C\000o\000n\000t\000a\000m\000i\000n\000a\000z\000i\000o\000n\000e\000\040\000d\000e\000i\000\040\000C\000a\000m\000p\000i\000o\000n\000i}{section.2.4}% 70
\BOOKMARK [2][-]{subsection.2.4.10}{\376\377\000E\000r\000r\000o\000r\000i\000\040\000d\000i\000\040\000E\000t\000i\000c\000h\000e\000t\000t\000a\000t\000u\000r\000a}{section.2.4}% 71
\BOOKMARK [2][-]{subsection.2.4.11}{\376\377\000R\000i\000a\000s\000s\000u\000n\000t\000o}{section.2.4}% 72
\BOOKMARK [0][-]{chapter.3}{\376\377\000C\000a\000m\000p\000i\000o\000n\000i\000\040\000c\000h\000i\000r\000u\000r\000g\000i\000c\000i}{}% 73
\BOOKMARK [1][-]{section.3.1}{\376\377\000I\000n\000t\000r\000o\000d\000u\000z\000i\000o\000n\000e\000\040\000a\000i\000\040\000p\000e\000z\000z\000i\000\040\000c\000h\000i\000r\000u\000r\000g\000i\000c\000i}{chapter.3}% 74
\BOOKMARK [2][-]{subsection.3.1.1}{\376\377\000L\000a\000\040\000c\000h\000i\000r\000u\000r\000g\000i\000a\000\040\000e\000l\000e\000t\000t\000i\000v\000a}{section.3.1}% 75
\BOOKMARK [2][-]{subsection.3.1.2}{\376\377\000L\000a\000\040\000c\000h\000i\000r\000u\000r\000g\000i\000a\000\040\000n\000o\000n\000\040\000e\000l\000e\000t\000t\000i\000v\000a}{section.3.1}% 76
\BOOKMARK [2][-]{subsection.3.1.3}{\376\377\000F\000i\000n\000a\000l\000i\000t\000\340\000\040\000d\000e\000l\000\040\000c\000a\000m\000p\000i\000o\000n\000a\000m\000e\000n\000t\000o}{section.3.1}% 77
\BOOKMARK [2][-]{subsection.3.1.4}{\376\377\000A\000p\000e\000r\000t\000u\000r\000a\000\040\000d\000e\000l\000\040\000p\000e\000z\000z\000o\000\040\000c\000h\000i\000r\000u\000r\000g\000i\000c\000o}{section.3.1}% 78
\BOOKMARK [2][-]{subsection.3.1.5}{\376\377\000O\000r\000i\000e\000n\000t\000a\000m\000e\000n\000t\000o\000\040\000d\000e\000l\000\040\000p\000e\000z\000z\000o\000\040\000c\000h\000i\000r\000u\000r\000g\000i\000c\000o}{section.3.1}% 79
\BOOKMARK [1][-]{section.3.2}{\376\377\000D\000i\000s\000t\000i\000n\000z\000i\000o\000n\000e\000\040\000f\000r\000a\000\040\000p\000e\000z\000z\000i\000\040\000n\000e\000o\000p\000l\000a\000s\000t\000i\000c\000i\000\040\000e\000\040\000n\000o\000n\000\040\000n\000e\000o\000p\000l\000a\000s\000t\000i\000c\000i}{chapter.3}% 80
\BOOKMARK [2][-]{subsection.3.2.1}{\376\377\000C\000o\000s\000'\000\350\000\040\000u\000n\000a\000\040\000n\000e\000o\000p\000l\000a\000s\000i\000a}{section.3.2}% 81
\BOOKMARK [2][-]{subsection.3.2.2}{\376\377\000C\000a\000r\000a\000t\000t\000e\000r\000i\000s\000t\000i\000c\000h\000e\000\040\000d\000e\000l\000l\000e\000\040\000n\000e\000o\000p\000l\000a\000s\000i\000e}{section.3.2}% 82
\BOOKMARK [2][-]{subsection.3.2.3}{\376\377\000S\000i\000e\000r\000o\000s\000i\000t\000e}{section.3.2}% 83
\BOOKMARK [2][-]{subsection.3.2.4}{\376\377\000I\000n\000f\000i\000a\000m\000m\000a\000z\000i\000o\000n\000e}{section.3.2}% 84
\BOOKMARK [2][-]{subsection.3.2.5}{\376\377\000F\000i\000b\000r\000o\000s\000i\000\040\000e\000\040\000g\000r\000a\000n\000u\000l\000o\000m\000i}{section.3.2}% 85
\BOOKMARK [2][-]{subsection.3.2.6}{\376\377\000C\000a\000m\000p\000i\000o\000n\000a\000m\000e\000n\000t\000o\000\040\000d\000e\000l\000l\000'\000a\000l\000t\000e\000r\000a\000z\000i\000o\000n\000e\000\040\000m\000a\000c\000r\000o\000s\000c\000o\000p\000i\000c\000a}{section.3.2}% 86
\BOOKMARK [1][-]{section.3.3}{\376\377\000C\000a\000m\000p\000i\000o\000n\000i\000\040\000n\000e\000o\000p\000l\000a\000s\000t\000i\000c\000i}{chapter.3}% 87
\BOOKMARK [2][-]{subsection.3.3.1}{\376\377\000I\000m\000p\000a\000t\000t\000o\000\040\000d\000e\000l\000l\000a\000\040\000d\000i\000a\000g\000n\000o\000s\000i\000\040\000p\000a\000t\000o\000l\000o\000g\000i\000c\000a}{section.3.3}% 88
\BOOKMARK [2][-]{subsection.3.3.2}{\376\377\000V\000a\000l\000u\000t\000a\000z\000i\000o\000n\000e\000\040\000d\000e\000i\000\040\000m\000a\000r\000g\000i\000n\000i\000\040\000c\000h\000i\000r\000u\000r\000g\000i\000c\000i}{section.3.3}% 89
\BOOKMARK [2][-]{subsection.3.3.3}{\376\377\000S\000t\000a\000d\000i\000a\000z\000i\000o\000n\000e\000\040\000T\000N\000M}{section.3.3}% 90
\BOOKMARK [2][-]{subsection.3.3.4}{\376\377\000I\000m\000p\000o\000r\000t\000a\000n\000z\000a\000\040\000d\000e\000l\000\040\000c\000a\000m\000p\000i\000o\000n\000a\000m\000e\000n\000t\000o\000\040\000n\000e\000l\000l\000a\000\040\000p\000a\000t\000o\000l\000o\000g\000i\000e\000\040\000n\000e\000o\000p\000l\000s\000t\000i\000c\000h\000e}{section.3.3}% 91
\BOOKMARK [1][-]{section.3.4}{\376\377\000T\000u\000m\000o\000r\000e\000\040\000d\000e\000l\000l\000a\000\040\000m\000a\000m\000m\000e\000l\000l\000a}{chapter.3}% 92
\BOOKMARK [1][-]{section.3.5}{\376\377\000T\000u\000m\000o\000r\000e\000\040\000d\000e\000l\000\040\000p\000o\000l\000m\000o\000n\000e}{chapter.3}% 93
\BOOKMARK [1][-]{section.3.6}{\376\377\000T\000u\000m\000o\000r\000e\000\040\000d\000e\000l\000\040\000c\000o\000l\000o\000n}{chapter.3}% 94
\BOOKMARK [1][-]{section.3.7}{\376\377\000T\000u\000m\000o\000r\000e\000\040\000d\000e\000l\000l\000a\000\040\000p\000r\000o\000s\000t\000a\000t\000a}{chapter.3}% 95
\BOOKMARK [2][-]{subsection.3.7.1}{\376\377\000I\000n\000c\000i\000d\000e\000n\000z\000a\000\040\000e\000\040\000a\000n\000a\000t\000o\000m\000i\000a}{section.3.7}% 96
\BOOKMARK [2][-]{subsection.3.7.2}{\376\377\000D\000e\000s\000c\000r\000i\000z\000i\000o\000n\000e\000\040\000m\000a\000c\000r\000o\000s\000c\000o\000p\000i\000c\000a\000\040\000d\000e\000l\000l\000a\000\040\000p\000r\000o\000s\000t\000a\000t\000a}{section.3.7}% 97
\BOOKMARK [2][-]{subsection.3.7.3}{\376\377\000C\000a\000m\000p\000i\000o\000n\000a\000m\000e\000n\000t\000o\000\040\000d\000e\000l\000l\000a\000\040\000p\000r\000o\000s\000t\000a\000t\000a}{section.3.7}% 98
\BOOKMARK [1][-]{section.3.8}{\376\377\000C\000a\000m\000p\000i\000o\000n\000a\000m\000e\000n\000t\000o\000\040\000d\000e\000i\000\040\000l\000i\000n\000f\000o\000n\000o\000d\000i}{chapter.3}% 99
\BOOKMARK [2][-]{subsection.3.8.1}{\376\377\000I\000m\000p\000o\000r\000t\000a\000n\000z\000a\000\040\000d\000e\000l\000\040\000c\000a\000m\000p\000i\000o\000n\000a\000m\000e\000n\000t\000o\000\040\000c\000o\000m\000p\000l\000e\000t\000o}{section.3.8}% 100
\BOOKMARK [2][-]{subsection.3.8.2}{\376\377\000T\000e\000c\000n\000i\000c\000h\000e\000\040\000d\000i\000\040\000c\000a\000m\000p\000i\000o\000n\000a\000m\000e\000n\000t\000o\000\040\000n\000e\000i\000\040\000v\000a\000r\000i\000\040\000d\000i\000s\000t\000r\000e\000t\000t\000i}{section.3.8}% 101
\BOOKMARK [2][-]{subsection.3.8.3}{\376\377\000R\000i\000c\000e\000r\000c\000a\000\040\000d\000e\000i\000\040\000l\000i\000n\000f\000o\000n\000o\000d\000i\000\040\000p\000a\000t\000o\000l\000o\000g\000i\000c\000i}{section.3.8}% 102
\BOOKMARK [1][-]{section.3.9}{\376\377\000C\000a\000m\000p\000i\000o\000n\000a\000m\000e\000n\000t\000o\000\040\000d\000e\000l\000l\000e\000\040\000p\000a\000t\000o\000l\000o\000g\000i\000e\000\040\000i\000n\000f\000i\000a\000m\000m\000a\000t\000o\000r\000i\000e\000\040\000e\000\040\000n\000e\000o\000p\000l\000a\000s\000t\000i\000c\000h\000e}{chapter.3}% 103
\BOOKMARK [2][-]{subsection.3.9.1}{\376\377\000R\000e\000t\000t\000o\000c\000o\000l\000i\000t\000e\000\040\000u\000l\000c\000e\000r\000o\000s\000a}{section.3.9}% 104
\BOOKMARK [2][-]{subsection.3.9.2}{\376\377\000M\000o\000r\000b\000o\000\040\000d\000i\000\040\000C\000r\000o\000h\000n}{section.3.9}% 105
\BOOKMARK [2][-]{subsection.3.9.3}{\376\377\000P\000a\000t\000o\000l\000o\000g\000i\000e\000\040\000t\000i\000r\000o\000i\000d\000e\000e}{section.3.9}% 106
\BOOKMARK [2][-]{subsection.3.9.4}{\376\377\000C\000h\000i\000r\000u\000r\000g\000i\000a\000\040\000m\000a\000m\000m\000a\000r\000i\000a\000\040\000e\000\040\000b\000a\000r\000i\000a\000t\000r\000i\000c\000a}{section.3.9}% 107
\BOOKMARK [2][-]{subsection.3.9.5}{\376\377\000C\000o\000l\000e\000c\000i\000s\000t\000e\000c\000t\000o\000m\000i\000a\000\040\000p\000e\000r\000\040\000l\000i\000t\000i\000a\000s\000i}{section.3.9}% 108
\BOOKMARK [2][-]{subsection.3.9.6}{\376\377\000A\000p\000p\000e\000n\000d\000i\000c\000e\000c\000t\000o\000m\000i\000a}{section.3.9}% 109
\BOOKMARK [2][-]{subsection.3.9.7}{\376\377\000C\000h\000i\000r\000u\000r\000g\000i\000e\000\040\000e\000m\000e\000r\000g\000e\000n\000t\000i}{section.3.9}% 110
\BOOKMARK [1][-]{section.3.10}{\376\377\000R\000i\000a\000s\000s\000u\000n\000t\000o}{chapter.3}% 111
\BOOKMARK [0][-]{chapter.4}{\376\377\000C\000a\000m\000p\000i\000o\000n\000a\000m\000e\000n\000t\000o\000:\000\040\000c\000u\000t\000i\000,\000\040\000p\000i\000c\000c\000o\000l\000i\000\040\000c\000a\000m\000p\000i\000o\000n\000i\000\040\000e\000\040\000b\000i\000o\000p\000s\000i\000e}{}% 112
\BOOKMARK [1][-]{section.4.1}{\376\377\000B\000i\000o\000p\000s\000i\000e\000\040\000C\000u\000t\000a\000n\000e\000e}{chapter.4}% 113
\BOOKMARK [2][-]{subsection.4.1.1}{\376\377\000B\000i\000o\000p\000s\000i\000a\000\040\000P\000u\000n\000c\000h}{section.4.1}% 114
\BOOKMARK [2][-]{subsection.4.1.2}{\376\377\000B\000i\000o\000p\000s\000i\000a\000\040\000S\000h\000a\000v\000e}{section.4.1}% 115
\BOOKMARK [2][-]{subsection.4.1.3}{\376\377\000L\000o\000s\000a\000n\000g\000e\000\040\000C\000u\000t\000a\000n\000e\000e}{section.4.1}% 116
\BOOKMARK [2][-]{subsection.4.1.4}{\376\377\000D\000e\000s\000c\000r\000i\000z\000i\000o\000n\000e\000\040\000M\000a\000c\000r\000o\000s\000c\000o\000p\000i\000c\000a}{section.4.1}% 117
\BOOKMARK [1][-]{section.4.2}{\376\377\000C\000a\000m\000p\000i\000o\000n\000a\000m\000e\000n\000t\000o\000\040\000d\000e\000l\000l\000e\000\040\000p\000i\000c\000c\000o\000l\000e\000\040\000b\000i\000o\000p\000s\000i\000e}{chapter.4}% 118
\BOOKMARK [2][-]{subsection.4.2.1}{\376\377\000B\000i\000o\000p\000s\000i\000e\000\040\000e\000n\000d\000o\000s\000c\000o\000p\000i\000c\000h\000e}{section.4.2}% 119
\BOOKMARK [2][-]{subsection.4.2.2}{\376\377\000C\000a\000m\000p\000i\000o\000n\000a\000m\000e\000n\000t\000o\000\040\000d\000e\000l\000l\000e\000\040\000B\000i\000o\000p\000s\000i\000e\000\040\000E\000n\000d\000o\000s\000c\000o\000p\000i\000c\000h\000e}{section.4.2}% 120
\BOOKMARK [2][-]{subsection.4.2.3}{\376\377\000R\000e\000s\000e\000z\000i\000o\000n\000i\000\040\000E\000n\000d\000o\000s\000c\000o\000p\000i\000c\000h\000e\000\040\000O\000r\000i\000e\000n\000t\000a\000t\000e}{section.4.2}% 121
\BOOKMARK [2][-]{subsection.4.2.4}{\376\377\000R\000e\000s\000e\000z\000i\000o\000n\000i\000\040\000T\000r\000a\000n\000s\000u\000r\000e\000t\000r\000a\000l\000i\000\040\000P\000r\000o\000s\000t\000a\000t\000i\000c\000h\000e\000\040\000\050\000T\000U\000R\000P\000\051}{section.4.2}% 122
\BOOKMARK [2][-]{subsection.4.2.5}{\376\377\000F\000r\000u\000s\000t\000o\000l\000i\000\040\000d\000a\000\040\000c\000o\000r\000e\000\040\000n\000e\000e\000d\000l\000e\000\040\000b\000i\000o\000p\000s\000y}{section.4.2}% 123
\BOOKMARK [2][-]{subsection.4.2.6}{\376\377\000B\000i\000o\000p\000s\000i\000e\000\040\000F\000r\000a\000m\000e\000m\000e\000n\000t\000a\000t\000e\000\040\000e\000\040\000B\000i\000o\000p\000s\000i\000e\000\040\000C\000o\000r\000e}{section.4.2}% 124
\BOOKMARK [1][-]{section.4.3}{\376\377\000R\000i\000a\000s\000s\000u\000n\000t\000o}{chapter.4}% 125
\BOOKMARK [0][-]{chapter.5}{\376\377\000P\000r\000o\000c\000e\000s\000s\000a\000z\000i\000o\000n\000e\000\040\000p\000e\000z\000z\000i\000\040\000c\000h\000i\000r\000u\000r\000g\000i\000c\000i\000\040\000e\000\040\000b\000i\000o\000p\000t\000i\000c\000i}{}% 126
\BOOKMARK [1][-]{section.5.1}{\376\377\000I\000n\000t\000r\000o\000d\000u\000z\000i\000o\000n\000e}{chapter.5}% 127
\BOOKMARK [1][-]{section.5.2}{\376\377\000E\000t\000i\000c\000h\000e\000t\000t\000a\000t\000u\000r\000a\000\040\000d\000e\000i\000\040\000T\000e\000s\000s\000u\000t\000i}{chapter.5}% 128
\BOOKMARK [1][-]{section.5.3}{\376\377\000P\000r\000i\000n\000c\000i\000p\000i\000\040\000d\000e\000l\000a\000\040\000p\000r\000o\000c\000e\000s\000s\000a\000z\000i\000o\000n\000e\000\040\000d\000e\000i\000\040\000T\000e\000s\000s\000u\000t\000i}{chapter.5}% 129
\BOOKMARK [2][-]{subsection.5.3.1}{\376\377\000F\000a\000t\000t\000o\000r\000i\000\040\000c\000h\000e\000\040\000i\000n\000f\000l\000u\000e\000n\000z\000a\000n\000o\000\040\000l\000a\000\040\000v\000e\000l\000o\000c\000i\000t\000\340\000\040\000d\000i\000\040\000p\000r\000o\000c\000e\000s\000s\000a\000z\000i\000o\000n\000e}{section.5.3}% 130
\BOOKMARK [1][-]{section.5.4}{\376\377\000F\000a\000s\000i\000\040\000d\000e\000l\000a\000\040\000p\000r\000o\000c\000e\000s\000s\000a\000z\000i\000o\000n\000e\000\040\000d\000e\000i\000\040\000T\000e\000s\000s\000u\000t\000i}{chapter.5}% 131
\BOOKMARK [1][-]{section.5.5}{\376\377\000F\000i\000s\000s\000a\000z\000i\000o\000n\000e}{chapter.5}% 132
\BOOKMARK [1][-]{section.5.6}{\376\377\000D\000i\000s\000i\000d\000r\000a\000t\000a\000z\000i\000o\000n\000e}{chapter.5}% 133
\BOOKMARK [1][-]{section.5.7}{\376\377\000D\000i\000s\000i\000d\000r\000a\000t\000a\000z\000i\000o\000n\000e}{chapter.5}% 134
\BOOKMARK [1][-]{section.5.8}{\376\377\000F\000l\000u\000i\000d\000i\000\040\000D\000i\000s\000i\000d\000r\000a\000t\000a\000n\000t\000i}{chapter.5}% 135
\BOOKMARK [2][-]{subsection.5.8.1}{\376\377\000E\000t\000a\000n\000o\000l\000o\000\040\000\050\000C\0002\000H\0005\000O\000H\000\051}{section.5.8}% 136
\BOOKMARK [2][-]{subsection.5.8.2}{\376\377\000S\000p\000i\000r\000i\000t\000o\000\040\000M\000e\000t\000i\000l\000a\000t\000o\000\040\000I\000n\000d\000u\000s\000t\000r\000i\000a\000l\000e\000\040\000\050\000A\000l\000c\000o\000l\000\040\000D\000e\000n\000a\000t\000u\000r\000a\000t\000o\000\051}{section.5.8}% 137
\BOOKMARK [2][-]{subsection.5.8.3}{\376\377\000M\000e\000t\000a\000n\000o\000l\000o\000\040\000\050\000C\000H\0003\000O\000H\000\051}{section.5.8}% 138
\BOOKMARK [2][-]{subsection.5.8.4}{\376\377\000P\000r\000o\000p\000a\000n\000-\0002\000-\000o\000l\000o\000,\000\040\000A\000l\000c\000o\000l\000\040\000I\000s\000o\000p\000r\000o\000p\000i\000l\000i\000c\000o\000\040\000\050\000C\000H\0003\000C\000H\000O\000H\000C\000H\0003\000\051}{section.5.8}% 139
\BOOKMARK [2][-]{subsection.5.8.5}{\376\377\000B\000u\000t\000a\000n\000o\000l\000o\000\040\000\050\000C\0004\000H\0009\000O\000H\000\051}{section.5.8}% 140
\BOOKMARK [2][-]{subsection.5.8.6}{\376\377\000A\000c\000e\000t\000o\000n\000e\000\040\000\050\000C\000H\0003\000C\000O\000C\000H\0003\000\051}{section.5.8}% 141
\BOOKMARK [1][-]{section.5.9}{\376\377\000A\000d\000d\000i\000t\000i\000v\000i\000\040\000a\000g\000l\000i\000\040\000A\000g\000e\000n\000t\000i\000\040\000D\000i\000s\000i\000d\000r\000a\000t\000a\000n\000t\000i}{chapter.5}% 142
\BOOKMARK [1][-]{section.5.10}{\376\377\000S\000o\000l\000v\000e\000n\000t\000i\000\040\000U\000n\000i\000v\000e\000r\000s\000a\000l\000i}{chapter.5}% 143
\BOOKMARK [1][-]{section.5.11}{\376\377\000C\000h\000i\000a\000r\000i\000f\000i\000c\000a\000z\000i\000o\000n\000e}{chapter.5}% 144
\BOOKMARK [2][-]{subsection.5.11.1}{\376\377\000C\000r\000i\000t\000e\000r\000i\000\040\000d\000i\000\040\000s\000e\000l\000e\000z\000i\000o\000n\000e\000\040\000p\000e\000r\000\040\000u\000n\000\040\000a\000g\000e\000n\000t\000e\000\040\000c\000h\000i\000a\000r\000i\000f\000i\000c\000a\000n\000t\000e}{section.5.11}% 145
\BOOKMARK [2][-]{subsection.5.11.2}{\376\377\000A\000g\000e\000n\000t\000i\000\040\000c\000h\000i\000a\000r\000i\000f\000i\000c\000a\000n\000t\000i\000\040\000p\000e\000r\000\040\000u\000s\000o\000\040\000r\000o\000u\000t\000i\000n\000a\000r\000i\000o}{section.5.11}% 146
\BOOKMARK [1][-]{section.5.12}{\376\377\000R\000e\000a\000g\000e\000n\000t\000i\000\040\000d\000i\000\040\000I\000n\000f\000i\000l\000t\000r\000a\000z\000i\000o\000n\000e\000\040\000e\000\040\000I\000n\000c\000l\000u\000s\000i\000o\000n\000e}{chapter.5}% 147
\BOOKMARK [2][-]{subsection.5.12.1}{\376\377\000P\000a\000r\000a\000f\000f\000i\000n\000a}{section.5.12}% 148
\BOOKMARK [1][-]{section.5.13}{\376\377\000M\000e\000z\000z\000i\000\040\000d\000i\000\040\000i\000n\000c\000l\000u\000s\000i\000o\000n\000e\000\040\000a\000l\000t\000e\000r\000n\000a\000t\000i\000v\000i}{chapter.5}% 149
\BOOKMARK [2][-]{subsection.5.13.1}{\376\377\000R\000e\000s\000i\000n\000a}{section.5.13}% 150
\BOOKMARK [2][-]{subsection.5.13.2}{\376\377\000A\000g\000a\000r}{section.5.13}% 151
\BOOKMARK [2][-]{subsection.5.13.3}{\376\377\000G\000e\000l\000a\000t\000i\000n\000a}{section.5.13}% 152
\BOOKMARK [2][-]{subsection.5.13.4}{\376\377\000C\000e\000l\000l\000o\000i\000d\000i\000n\000a}{section.5.13}% 153
\BOOKMARK [1][-]{section.5.14}{\376\377\000I\000n\000c\000l\000u\000s\000i\000o\000n\000e\000\040\000i\000n\000\040\000p\000a\000r\000a\000f\000f\000i\000n\000a}{chapter.5}% 154
\BOOKMARK [1][-]{section.5.15}{\376\377\000P\000r\000o\000c\000e\000s\000s\000a\000z\000i\000o\000n\000e\000\040\000a\000u\000t\000o\000m\000a\000t\000i\000z\000z\000a\000t\000a\000\040\000d\000e\000i\000\040\000t\000e\000s\000s\000u\000t\000i}{chapter.5}% 155
\BOOKMARK [2][-]{subsection.5.15.1}{\376\377\000P\000r\000o\000c\000e\000s\000s\000a\000t\000o\000r\000i\000\040\000a\000\040\000m\000i\000c\000r\000o\000o\000n\000d\000e}{section.5.15}% 156
\BOOKMARK [2][-]{subsection.5.15.2}{\376\377\000V\000a\000n\000t\000a\000g\000g\000i\000\040\000d\000e\000l\000l\000e\000\040\000n\000u\000o\000v\000e\000\040\000t\000e\000c\000n\000o\000l\000o\000g\000i\000e}{section.5.15}% 157
\BOOKMARK [1][-]{section.5.16}{\376\377\000R\000i\000a\000s\000s\000u\000n\000t\000o}{chapter.5}% 158
\BOOKMARK [0][-]{chapter.6}{\376\377\000I\000n\000c\000l\000u\000s\000i\000o\000n\000e\000\040\000i\000n\000\040\000p\000a\000r\000a\000f\000f\000i\000n\000a\000\040\000e\000\040\000t\000a\000g\000l\000i\000o\000\040\000a\000l\000\040\000m\000i\000c\000r\000o\000t\000o\000m\000o}{}% 159
\BOOKMARK [1][-]{section.6.1}{\376\377\000I\000n\000t\000r\000o\000d\000u\000z\000i\000o\000n\000e}{chapter.6}% 160
\BOOKMARK [1][-]{section.6.2}{\376\377\000L\000a\000\040\000P\000r\000o\000c\000e\000s\000s\000a\000z\000i\000o\000n\000e}{chapter.6}% 161
\BOOKMARK [1][-]{section.6.3}{\376\377\000C\000e\000n\000t\000r\000a\000l\000i\000n\000a\000\040\000d\000i\000\040\000I\000n\000c\000l\000u\000s\000i\000o\000n\000e}{chapter.6}% 162
\BOOKMARK [1][-]{section.6.4}{\376\377\000C\000r\000i\000t\000e\000r\000i\000\040\000d\000i\000\040\000I\000n\000c\000l\000u\000s\000i\000o\000n\000e}{chapter.6}% 163
\BOOKMARK [2][-]{subsection.6.4.1}{\376\377\000D\000i\000f\000e\000t\000t\000i\000\040\000C\000o\000m\000u\000n\000i\000\040\000n\000e\000l\000l\000'\000I\000n\000c\000l\000u\000s\000i\000o\000n\000e}{section.6.4}% 164
\BOOKMARK [1][-]{section.6.5}{\376\377\000I\000l\000\040\000T\000a\000g\000l\000i\000o\000\040\000a\000l\000\040\000M\000i\000c\000r\000o\000t\000o\000m\000o}{chapter.6}% 165
\BOOKMARK [2][-]{subsection.6.5.1}{\376\377\000F\000a\000s\000i\000\040\000d\000i\000\040\000A\000l\000l\000e\000s\000t\000i\000m\000e\000n\000t\000o}{section.6.5}% 166
\BOOKMARK [1][-]{section.6.6}{\376\377\000C\000a\000r\000a\000t\000t\000e\000r\000i\000s\000t\000i\000c\000h\000e\000\040\000d\000i\000\040\000u\000n\000a\000\040\000S\000e\000z\000i\000o\000n\000e\000\040\000O\000t\000t\000i\000m\000a\000l\000e}{chapter.6}% 167
\BOOKMARK [1][-]{section.6.7}{\376\377\000L\000a\000\040\000t\000e\000c\000n\000i\000c\000a\000\040\000d\000i\000\040\000t\000a\000g\000l\000i\000o}{chapter.6}% 168
\BOOKMARK [2][-]{subsection.6.7.1}{\376\377\000F\000i\000s\000s\000a\000g\000g\000i\000o\000\040\000d\000e\000l\000\040\000b\000l\000o\000c\000c\000h\000e\000t\000t\000o}{section.6.7}% 169
\BOOKMARK [2][-]{subsection.6.7.2}{\376\377\000I\000m\000p\000o\000s\000t\000a\000z\000i\000o\000n\000e\000\040\000d\000e\000l\000l\000a\000\040\000l\000a\000m\000a}{section.6.7}% 170
\BOOKMARK [2][-]{subsection.6.7.3}{\376\377\000P\000r\000e\000p\000a\000r\000a\000z\000i\000o\000n\000e\000\040\000d\000e\000l\000\040\000b\000l\000o\000c\000c\000h\000e\000t\000t\000o}{section.6.7}% 171
\BOOKMARK [2][-]{subsection.6.7.4}{\376\377\000I\000m\000p\000o\000s\000t\000a\000z\000i\000o\000n\000e\000\040\000d\000e\000l\000\040\000m\000i\000c\000r\000o\000t\000o\000m\000o}{section.6.7}% 172
\BOOKMARK [2][-]{subsection.6.7.5}{\376\377\000R\000a\000c\000c\000o\000l\000t\000a\000\040\000d\000e\000l\000l\000e\000\040\000s\000e\000z\000i\000o\000n\000i}{section.6.7}% 173
\BOOKMARK [2][-]{subsection.6.7.6}{\376\377\000E\000s\000s\000i\000c\000c\000a\000z\000i\000o\000n\000e}{section.6.7}% 174
\BOOKMARK [1][-]{section.6.8}{\376\377\000D\000i\000f\000e\000t\000t\000i\000\040\000d\000i\000\040\000S\000e\000z\000i\000o\000n\000e\000\040\000e\000\040\000C\000o\000r\000r\000e\000z\000i\000o\000n\000i}{chapter.6}% 175
\BOOKMARK [2][-]{subsection.6.8.1}{\376\377\000E\000f\000f\000e\000t\000t\000o\000\040\000a\000\040\000T\000a\000p\000p\000a\000r\000e\000l\000l\000a}{section.6.8}% 176
\BOOKMARK [2][-]{subsection.6.8.2}{\376\377\000P\000i\000e\000g\000h\000e}{section.6.8}% 177
\BOOKMARK [2][-]{subsection.6.8.3}{\376\377\000B\000o\000l\000l\000e\000\040\000d\000'\000A\000r\000i\000a}{section.6.8}% 178
\BOOKMARK [2][-]{subsection.6.8.4}{\376\377\000C\000r\000e\000p\000e}{section.6.8}% 179
\BOOKMARK [2][-]{subsection.6.8.5}{\376\377\000S\000e\000z\000i\000o\000n\000e\000\040\000D\000i\000s\000i\000n\000t\000e\000g\000r\000a\000n\000t\000e}{section.6.8}% 180
\BOOKMARK [1][-]{section.6.9}{\376\377\000C\000o\000n\000c\000l\000u\000s\000i\000o\000n\000i}{chapter.6}% 181
\BOOKMARK [0][-]{chapter.7}{\376\377\000A\000u\000t\000o\000m\000a\000z\000i\000o\000n\000e\000\040\000i\000n\000\040\000a\000n\000a\000t\000o\000m\000i\000a\000\040\000p\000a\000t\000o\000l\000o\000g\000i\000c\000a}{}% 182
\BOOKMARK [1][-]{subsection.7.0.1}{\376\377\000P\000e\000r\000c\000h\000\351\000\040\000a\000u\000t\000o\000m\000a\000t\000i\000z\000z\000a\000r\000e}{chapter.7}% 183
\BOOKMARK [2][-]{subsection.7.0.2}{\376\377\000A\000u\000t\000o\000m\000a\000z\000i\000o\000n\000e\000\040\000e\000\040\000S\000i\000c\000u\000r\000e\000z\000z\000a\000\040\000i\000n\000\040\000L\000a\000b\000o\000r\000a\000t\000o\000r\000i\000o}{subsection.7.0.1}% 184
\BOOKMARK [1][-]{section.7.1}{\376\377\000A\000n\000a\000l\000i\000s\000i\000\040\000E\000c\000o\000n\000o\000m\000i\000c\000a\000\040\000d\000e\000l\000l\000'\000A\000u\000t\000o\000m\000a\000z\000i\000o\000n\000e}{chapter.7}% 185
\BOOKMARK [2][-]{subsection.7.1.1}{\376\377\000C\000o\000s\000t\000o\000\040\000O\000p\000p\000o\000r\000t\000u\000n\000i\000t\000\340\000\040\000e\000\040\000E\000f\000f\000i\000c\000i\000e\000n\000z\000a}{section.7.1}% 186
\BOOKMARK [2][-]{subsection.7.1.2}{\376\377\000T\000e\000c\000n\000o\000l\000o\000g\000i\000e\000\040\000D\000i\000s\000r\000u\000p\000t\000i\000v\000e\000\040\000e\000\040\000I\000n\000n\000o\000v\000a\000z\000i\000o\000n\000e}{section.7.1}% 187
\BOOKMARK [1][-]{section.7.2}{\376\377\000A\000u\000m\000e\000n\000t\000o\000\040\000d\000e\000l\000l\000a\000\040\000C\000o\000m\000p\000l\000e\000s\000s\000i\000t\000\340\000\040\000d\000e\000l\000l\000e\000\040\000P\000r\000o\000c\000e\000d\000u\000r\000e}{chapter.7}% 188
\BOOKMARK [2][-]{subsection.7.2.1}{\376\377\000C\000r\000e\000s\000c\000e\000n\000t\000e\000\040\000R\000i\000c\000h\000i\000e\000s\000t\000a\000\040\000d\000i\000\040\000E\000s\000a\000m\000i\000\040\000C\000o\000m\000p\000l\000e\000s\000s\000i}{section.7.2}% 189
\BOOKMARK [2][-]{subsection.7.2.2}{\376\377\000M\000a\000g\000g\000i\000o\000r\000e\000\040\000C\000o\000m\000p\000l\000e\000s\000s\000i\000t\000\340\000\040\000=\000\040\000M\000a\000g\000g\000i\000o\000r\000e\000\040\000C\000u\000r\000a\000\040\000n\000e\000l\000l\000e\000\040\000V\000a\000r\000i\000a\000b\000i\000l\000i\000\040\000P\000r\000e\000a\000n\000a\000l\000i\000t\000i\000c\000h\000e}{section.7.2}% 190
\BOOKMARK [1][-]{section.7.3}{\376\377\000C\000r\000i\000s\000i\000\040\000V\000o\000c\000a\000z\000i\000o\000n\000a\000l\000e\000\040\000e\000\040\000T\000r\000a\000s\000f\000o\000r\000m\000a\000z\000i\000o\000n\000e\000\040\000d\000e\000i\000\040\000R\000u\000o\000l\000i}{chapter.7}% 191
\BOOKMARK [2][-]{subsection.7.3.1}{\376\377\000I\000m\000p\000a\000t\000t\000o\000\040\000d\000e\000l\000l\000a\000\040\000C\000r\000i\000s\000i\000\040\000V\000o\000c\000a\000z\000i\000o\000n\000a\000l\000e}{section.7.3}% 192
\BOOKMARK [2][-]{subsection.7.3.2}{\376\377\000N\000u\000o\000v\000i\000\040\000R\000u\000o\000l\000i\000\040\000p\000e\000r\000\040\000i\000\040\000T\000e\000c\000n\000i\000c\000i\000\040\000d\000i\000\040\000L\000a\000b\000o\000r\000a\000t\000o\000r\000i\000o}{section.7.3}% 193
\BOOKMARK [1][-]{section.7.4}{\376\377\000C\000o\000n\000c\000l\000u\000s\000i\000o\000n\000i}{chapter.7}% 194
\BOOKMARK [0][-]{chapter.8}{\376\377\000E\000s\000a\000m\000e\000\040\000i\000n\000t\000r\000a\000o\000p\000e\000r\000a\000t\000o\000r\000i\000o\000:\000\040\000f\000i\000n\000a\000l\000i\000t\000\340\000\040\000e\000\040\000m\000e\000z\000z\000i}{}% 195
\BOOKMARK [1][-]{section.8.1}{\376\377\000I\000n\000t\000r\000o\000d\000u\000z\000i\000o\000n\000e}{chapter.8}% 196
\BOOKMARK [1][-]{section.8.2}{\376\377\000V\000e\000l\000o\000c\000e\000\040\000m\000a\000\040\000n\000o\000n\000\040\000v\000e\000l\000o\000c\000i\000s\000s\000i\000m\000a}{chapter.8}% 197
\BOOKMARK [1][-]{section.8.3}{\376\377\000L\000a\000\040\000R\000i\000c\000h\000i\000e\000s\000t\000a\000\040\000d\000i\000\040\000C\000o\000n\000s\000u\000l\000e\000n\000z\000e\000\040\000i\000n\000\040\000S\000a\000l\000a\000\040\000O\000p\000e\000r\000a\000t\000o\000r\000i\000a}{chapter.8}% 198
\BOOKMARK [1][-]{section.8.4}{\376\377\000G\000l\000o\000s\000s\000a\000r\000i\000o}{chapter.8}% 199
\BOOKMARK [1][-]{section.8.5}{\376\377\000F\000i\000n\000a\000l\000i\000t\000\340\000\040\000d\000e\000l\000\040\000F\000S\000E}{chapter.8}% 200
\BOOKMARK [1][-]{section.8.6}{\376\377\000L\000i\000m\000i\000t\000i\000\040\000d\000e\000l\000l\000e\000\040\000S\000e\000z\000i\000o\000n\000i\000\040\000C\000o\000n\000g\000e\000l\000a\000t\000e}{chapter.8}% 201
\BOOKMARK [1][-]{section.8.7}{\376\377\000A\000r\000t\000e\000f\000a\000t\000t\000i}{chapter.8}% 202
\BOOKMARK [1][-]{section.8.8}{\376\377\000F\000S\000E\000\040\000I\000n\000a\000p\000p\000r\000o\000p\000r\000i\000a\000t\000e}{chapter.8}% 203
\BOOKMARK [1][-]{section.8.9}{\376\377\000C\000o\000n\000s\000u\000l\000t\000o\000\040\000I\000n\000t\000r\000a\000o\000p\000e\000r\000a\000t\000o\000r\000i\000o}{chapter.8}% 204
\BOOKMARK [1][-]{section.8.10}{\376\377\000A\000c\000c\000u\000r\000a\000t\000e\000z\000z\000a\000\040\000d\000e\000l\000l\000a\000\040\000S\000e\000z\000i\000o\000n\000e\000\040\000C\000o\000n\000g\000e\000l\000a\000t\000a}{chapter.8}% 205
\BOOKMARK [1][-]{section.8.11}{\376\377\000C\000o\000n\000c\000l\000u\000s\000i\000o\000n\000i}{chapter.8}% 206
\BOOKMARK [0][-]{chapter.9}{\376\377\000T\000e\000c\000n\000i\000c\000a\000\040\000e\000s\000a\000m\000e\000\040\000i\000n\000t\000r\000a\000o\000p\000e\000r\000a\000t\000o\000r\000i\000o}{}% 207
\BOOKMARK [1][-]{section.9.1}{\376\377\000P\000r\000o\000c\000e\000d\000u\000r\000a\000\040\000p\000a\000s\000s\000o\000-\000p\000a\000s\000s\000o}{chapter.9}% 208
\BOOKMARK [1][-]{section.9.2}{\376\377\000P\000r\000o\000b\000l\000e\000m\000a\000t\000i\000c\000h\000e\000\040\000e\000\040\000c\000o\000n\000s\000i\000d\000e\000r\000a\000z\000i\000o\000n\000i\000\040\000p\000r\000a\000t\000i\000c\000h\000e}{chapter.9}% 209
